# JRE version: Java(TM) SE Runtime Environment (8.0_111-b14) (build 1.8.0_111-b14)
# Java VM: Java HotSpot(TM) 64-Bit Server VM (25.111-b14 mixed mode windows-amd64 compressed oops)
Heap:
 PSYoungGen      total 162816K, used 108262K [0x00000000e0000000, 0x00000000ebe00000, 0x0000000100000000)
  eden space 141312K, 67% used [0x00000000e0000000,0x00000000e5ccf590,0x00000000e8a00000)
  from space 21504K, 61% used [0x00000000e9f00000,0x00000000eabea310,0x00000000eb400000)
  to   space 21504K, 0% used [0x00000000e8a00000,0x00000000e8a00000,0x00000000e9f00000)
 ParOldGen       total 88576K, used 66365K [0x00000000a0000000, 0x00000000a5680000, 0x00000000e0000000)
  object space 88576K, 74% used [0x00000000a0000000,0x00000000a40cf630,0x00000000a5680000)
 Metaspace       used 63534K, capacity 66872K, committed 67032K, reserved 1107968K
  class space    used 8566K, capacity 9205K, committed 9216K, reserved 1048576K
GC Heap History (10 events):
Event: 141.156 GC heap before
{Heap before GC invocations=23 (full 2):
 PSYoungGen      total 119808K, used 86010K [0x00000000e0000000, 0x00000000e8d00000, 0x0000000100000000)
  eden space 109568K, 69% used [0x00000000e0000000,0x00000000e49febd8,0x00000000e6b00000)
  from space 10240K, 100% used [0x00000000e7900000,0x00000000e8300000,0x00000000e8300000)
  to   space 14336K, 0% used [0x00000000e6b00000,0x00000000e6b00000,0x00000000e7900000)
 ParOldGen       total 46592K, used 36911K [0x00000000a0000000, 0x00000000a2d80000, 0x00000000e0000000)
  object space 46592K, 79% used [0x00000000a0000000,0x00000000a240bcc0,0x00000000a2d80000)
 Metaspace       used 56315K, capacity 58896K, committed 58968K, reserved 1099776K
  class space    used 7743K, capacity 8255K, committed 8320K, reserved 1048576K
Event: 141.410 GC heap after
Heap after GC invocations=23 (full 2):
 PSYoungGen      total 123904K, used 10823K [0x00000000e0000000, 0x00000000ea480000, 0x0000000100000000)
  eden space 109568K, 0% used [0x00000000e0000000,0x00000000e0000000,0x00000000e6b00000)
  from space 14336K, 75% used [0x00000000e6b00000,0x00000000e7591ea0,0x00000000e7900000)
  to   space 15360K, 0% used [0x00000000e9580000,0x00000000e9580000,0x00000000ea480000)
 ParOldGen       total 47104K, used 46800K [0x00000000a0000000, 0x00000000a2e00000, 0x00000000e0000000)
  object space 47104K, 99% used [0x00000000a0000000,0x00000000a2db41a0,0x00000000a2e00000)
 Metaspace       used 56315K, capacity 58896K, committed 58968K, reserved 1099776K
  class space    used 7743K, capacity 8255K, committed 8320K, reserved 1048576K
}
Event: 141.410 GC heap before
{Heap before GC invocations=24 (full 3):
 PSYoungGen      total 123904K, used 10823K [0x00000000e0000000, 0x00000000ea480000, 0x0000000100000000)
  eden space 109568K, 0% used [0x00000000e0000000,0x00000000e0000000,0x00000000e6b00000)
  from space 14336K, 75% used [0x00000000e6b00000,0x00000000e7591ea0,0x00000000e7900000)
  to   space 15360K, 0% used [0x00000000e9580000,0x00000000e9580000,0x00000000ea480000)
 ParOldGen       total 47104K, used 46800K [0x00000000a0000000, 0x00000000a2e00000, 0x00000000e0000000)
  object space 47104K, 99% used [0x00000000a0000000,0x00000000a2db41a0,0x00000000a2e00000)
 Metaspace       used 56315K, capacity 58896K, committed 58968K, reserved 1099776K
  class space    used 7743K, capacity 8255K, committed 8320K, reserved 1048576K
Event: 142.554 GC heap after
Heap after GC invocations=24 (full 3):
 PSYoungGen      total 123904K, used 0K [0x00000000e0000000, 0x00000000ea480000, 0x0000000100000000)
  eden space 109568K, 0% used [0x00000000e0000000,0x00000000e0000000,0x00000000e6b00000)
  from space 14336K, 0% used [0x00000000e6b00000,0x00000000e6b00000,0x00000000e7900000)
  to   space 15360K, 0% used [0x00000000e9580000,0x00000000e9580000,0x00000000ea480000)
 ParOldGen       total 88576K, used 42140K [0x00000000a0000000, 0x00000000a5680000, 0x00000000e0000000)
  object space 88576K, 47% used [0x00000000a0000000,0x00000000a2927270,0x00000000a5680000)
 Metaspace       used 56315K, capacity 58896K, committed 58968K, reserved 1099776K
  class space    used 7743K, capacity 8255K, committed 8320K, reserved 1048576K
}
Event: 145.946 GC heap before
{Heap before GC invocations=25 (full 3):
 PSYoungGen      total 123904K, used 109568K [0x00000000e0000000, 0x00000000ea480000, 0x0000000100000000)
  eden space 109568K, 100% used [0x00000000e0000000,0x00000000e6b00000,0x00000000e6b00000)
  from space 14336K, 0% used [0x00000000e6b00000,0x00000000e6b00000,0x00000000e7900000)
  to   space 15360K, 0% used [0x00000000e9580000,0x00000000e9580000,0x00000000ea480000)
 ParOldGen       total 88576K, used 42140K [0x00000000a0000000, 0x00000000a5680000, 0x00000000e0000000)
  object space 88576K, 47% used [0x00000000a0000000,0x00000000a2927270,0x00000000a5680000)
 Metaspace       used 57582K, capacity 60314K, committed 60376K, reserved 1101824K
  class space    used 7875K, capacity 8448K, committed 8448K, reserved 1048576K
Event: 145.963 GC heap after
Heap after GC invocations=25 (full 3):
 PSYoungGen      total 135680K, used 9808K [0x00000000e0000000, 0x00000000e9f80000, 0x0000000100000000)
  eden space 125440K, 0% used [0x00000000e0000000,0x00000000e0000000,0x00000000e7a80000)
  from space 10240K, 95% used [0x00000000e9580000,0x00000000e9f14030,0x00000000e9f80000)
  to   space 15872K, 0% used [0x00000000e8080000,0x00000000e8080000,0x00000000e9000000)
 ParOldGen       total 88576K, used 42148K [0x00000000a0000000, 0x00000000a5680000, 0x00000000e0000000)
  object space 88576K, 47% used [0x00000000a0000000,0x00000000a2929270,0x00000000a5680000)
 Metaspace       used 57582K, capacity 60314K, committed 60376K, reserved 1101824K
  class space    used 7875K, capacity 8448K, committed 8448K, reserved 1048576K
}
Event: 174.108 GC heap before
{Heap before GC invocations=26 (full 3):
 PSYoungGen      total 135680K, used 135248K [0x00000000e0000000, 0x00000000e9f80000, 0x0000000100000000)
  eden space 125440K, 100% used [0x00000000e0000000,0x00000000e7a80000,0x00000000e7a80000)
  from space 10240K, 95% used [0x00000000e9580000,0x00000000e9f14030,0x00000000e9f80000)
  to   space 15872K, 0% used [0x00000000e8080000,0x00000000e8080000,0x00000000e9000000)
 ParOldGen       total 88576K, used 42148K [0x00000000a0000000, 0x00000000a5680000, 0x00000000e0000000)
  object space 88576K, 47% used [0x00000000a0000000,0x00000000a2929270,0x00000000a5680000)
 Metaspace       used 62077K, capacity 65036K, committed 65112K, reserved 1105920K
  class space    used 8418K, capacity 9027K, committed 9088K, reserved 1048576K
Event: 174.159 GC heap after
Heap after GC invocations=26 (full 3):
 PSYoungGen      total 147456K, used 15849K [0x00000000e0000000, 0x00000000eb400000, 0x0000000100000000)
  eden space 131584K, 0% used [0x00000000e0000000,0x00000000e0000000,0x00000000e8080000)
  from space 15872K, 99% used [0x00000000e8080000,0x00000000e8ffa530,0x00000000e9000000)
  to   space 21504K, 0% used [0x00000000e9f00000,0x00000000e9f00000,0x00000000eb400000)
 ParOldGen       total 88576K, used 50805K [0x00000000a0000000, 0x00000000a5680000, 0x00000000e0000000)
  object space 88576K, 57% used [0x00000000a0000000,0x00000000a319d510,0x00000000a5680000)
 Metaspace       used 62077K, capacity 65036K, committed 65112K, reserved 1105920K
  class space    used 8418K, capacity 9027K, committed 9088K, reserved 1048576K
}
Event: 177.276 GC heap before
{Heap before GC invocations=27 (full 3):
 PSYoungGen      total 147456K, used 147433K [0x00000000e0000000, 0x00000000eb400000, 0x0000000100000000)
  eden space 131584K, 100% used [0x00000000e0000000,0x00000000e8080000,0x00000000e8080000)
  from space 15872K, 99% used [0x00000000e8080000,0x00000000e8ffa530,0x00000000e9000000)
  to   space 21504K, 0% used [0x00000000e9f00000,0x00000000e9f00000,0x00000000eb400000)
 ParOldGen       total 88576K, used 50805K [0x00000000a0000000, 0x00000000a5680000, 0x00000000e0000000)
  object space 88576K, 57% used [0x00000000a0000000,0x00000000a319d510,0x00000000a5680000)
 Metaspace       used 62975K, capacity 66106K, committed 66264K, reserved 1105920K
  class space    used 8530K, capacity 9152K, committed 9216K, reserved 1048576K
Event: 177.321 GC heap after
Heap after GC invocations=27 (full 3):
 PSYoungGen      total 162816K, used 13224K [0x00000000e0000000, 0x00000000ebe00000, 0x0000000100000000)
  eden space 141312K, 0% used [0x00000000e0000000,0x00000000e0000000,0x00000000e8a00000)
  from space 21504K, 61% used [0x00000000e9f00000,0x00000000eabea310,0x00000000eb400000)
  to   space 21504K, 0% used [0x00000000e8a00000,0x00000000e8a00000,0x00000000e9f00000)
 ParOldGen       total 88576K, used 66365K [0x00000000a0000000, 0x00000000a5680000, 0x00000000e0000000)
  object space 88576K, 74% used [0x00000000a0000000,0x00000000a40cf630,0x00000000a5680000)
 Metaspace       used 62975K, capacity 66106K, committed 66264K, reserved 1105920K
  class space    used 8530K, capacity 9152K, committed 9216K, reserved 1048576K
}

